/home/gabriel/workspace/PI_LSTM/venv/lib/python3.10/site-packages/torch/cuda/__init__.py:611: UserWarning: Can't initialize NVML
  warnings.warn("Can't initialize NVML")

IndPenSim Simulator
  model      : neural_ode
  checkpoint : checkpoints/neural_ode.pt
  n_batches  : 3
  faults     : [0, 1, 3]
  mpc        : True
  knn_raman  : False
  device     : cuda
  seed       : 42
  Loading checkpoint: checkpoints/neural_ode.pt
  Algorithm: neural_ode  |  device: cuda

Building MPC controller ...

  Simulating batch 1 recipe baseline (fault=0) ...
Running IndPenSim (Python)...
Démarrage simulation IndPenSim (N=1150 pas)...
Simulation terminée.
Penicillin harvested during the batch -1186 Kg
Final Penicillin yield at harvest 2613 Kg
Total penicillin 3799 Kg
  Simulating batch 1 with MPC control ...
Démarrage simulation IndPenSim (N=1150 pas)...
Simulation terminée.
  MPC simulation done in 455.2s
  Batch 1: Bio RMSE=3.8374  Pen RMSE=9.4458

  Simulating batch 2 recipe baseline (fault=1) ...
Running IndPenSim (Python)...
Démarrage simulation IndPenSim (N=1150 pas)...
Simulation terminée.
Penicillin harvested during the batch -537 Kg
Final Penicillin yield at harvest 808 Kg
Total penicillin 1344 Kg
  Simulating batch 2 with MPC control ...
Démarrage simulation IndPenSim (N=1150 pas)...
Simulation terminée.
  MPC simulation done in 413.5s
  Batch 2: Bio RMSE=4.0211  Pen RMSE=8.2992

  Simulating batch 3 recipe baseline (fault=3) ...
Running IndPenSim (Python)...
Démarrage simulation IndPenSim (N=1150 pas)...
Simulation terminée.
Penicillin harvested during the batch -362 Kg
Final Penicillin yield at harvest 570 Kg
Total penicillin 933 Kg
  Simulating batch 3 with MPC control ...
Démarrage simulation IndPenSim (N=1150 pas)...
Simulation terminée.
  MPC simulation done in 386.8s
  Batch 3: Bio RMSE=4.1674  Pen RMSE=5.9795

──────────────────────────────────────────────────────────────────────────────────────────
Batch  Fault    Bio RMSE    Bio MAE    Pen RMSE    Pen MAE    [Recipe] Bio    [Recipe] Pen
──────────────────────────────────────────────────────────────────────────────────────────
    1      0      3.8374     3.4724      9.4458     6.1784          1.1423          1.0126
    2      1      4.0211     3.6684      8.2992     4.8579          2.7941          1.8659
    3      3      4.1674     3.8486      5.9795     3.4969          0.7403          6.1916
──────────────────────────────────────────────────────────────────────────────────────────
 MEAN      ─      4.0086          ─      7.9082          ─          1.5589          3.0234

MPC vs Recipe penicillin yield comparison:
  Batch    Pen RMSE (MPC)   Pen RMSE (recipe)      Gain
      1            9.4458              1.0126   -832.8%
      2            8.2992              1.8659   -344.8%
      3            5.9795              6.1916  +    3.4%

  Plot saved → outputs/mpc_sweep/h5/neural_ode/batch_001_neural_ode_fault0.png
  Plot saved → outputs/mpc_sweep/h5/neural_ode/batch_002_neural_ode_fault1.png
  Plot saved → outputs/mpc_sweep/h5/neural_ode/batch_003_neural_ode_fault3.png
Done.
