/home/gabriel/workspace/PI_LSTM/venv/lib/python3.10/site-packages/torch/cuda/__init__.py:611: UserWarning: Can't initialize NVML
  warnings.warn("Can't initialize NVML")
INFO:model:Building CDAE with input_length=2200, latent_dim=64
INFO:model:Encoder progression: 2200 -> 1100 -> 550
INFO:model:Flatten size: 35200
/home/gabriel/workspace/PI_LSTM/simulator/indpensim_ode.py:286: RuntimeWarning: invalid value encountered in log10
  pH_val = -np.log10(y[6] + 1e-10)
/home/gabriel/workspace/PI_LSTM/simulator/indpensim_ode.py:526: RuntimeWarning: invalid value encountered in log10
  if -np.log10(y[6] + 1e-12) < 7: # Acidic
/home/gabriel/workspace/PI_LSTM/simulator/indpensim_ode.py:577: RuntimeWarning: invalid value encountered in scalar power
  dy[9] = (((3 * (a_0**(1/3)) * term_k1 * term_k2 - k3 * Fw)))
/home/gabriel/workspace/PI_LSTM/simulator/indpensim_ode.py:286: RuntimeWarning: invalid value encountered in log10
  pH_val = -np.log10(y[6] + 1e-10)
/home/gabriel/workspace/PI_LSTM/simulator/indpensim_ode.py:526: RuntimeWarning: invalid value encountered in log10
  if -np.log10(y[6] + 1e-12) < 7: # Acidic

IndPenSim Simulator
  model      : pi_lstm_raman
  checkpoint : checkpoints/pi_lstm_raman.pt
  n_batches  : 3
  faults     : [0, 1, 3]
  mpc        : True
  knn_raman  : True
  device     : cuda
  seed       : 42
  Loading checkpoint: checkpoints/pi_lstm_raman.pt
  Algorithm: pi_lstm  |  device: cuda

Building KNN Raman selector ...
[KNNRamanSelector] Loading cache from outputs/raman_knn_cache.npz ...
[KNNRamanSelector] Cache loaded: 112,935 rows.

Building MPC controller ...

  Simulating batch 1 recipe baseline (fault=0) ...
Running IndPenSim (Python)...
Démarrage simulation IndPenSim (N=1150 pas)...
Simulation terminée.
Penicillin harvested during the batch -1186 Kg
Final Penicillin yield at harvest 2613 Kg
Total penicillin 3799 Kg
  Simulating batch 1 with MPC control ...
Démarrage simulation IndPenSim (N=1150 pas)...
Simulation terminée.
  MPC simulation done in 304.4s
  Batch 1: Bio RMSE=4.6887  Pen RMSE=13.3182

  Simulating batch 2 recipe baseline (fault=1) ...
Running IndPenSim (Python)...
Démarrage simulation IndPenSim (N=1150 pas)...
Simulation terminée.
Penicillin harvested during the batch -937 Kg
Final Penicillin yield at harvest 1511 Kg
Total penicillin 2448 Kg
  Simulating batch 2 with MPC control ...
Démarrage simulation IndPenSim (N=1150 pas)...
Simulation terminée.
  MPC simulation done in 285.3s
  Batch 2: Bio RMSE=4.3682  Pen RMSE=8.2641

  Simulating batch 3 recipe baseline (fault=3) ...
Running IndPenSim (Python)...
Démarrage simulation IndPenSim (N=1150 pas)...
Simulation terminée.
Penicillin harvested during the batch -797 Kg
Final Penicillin yield at harvest 1028 Kg
Total penicillin 1825 Kg
  Simulating batch 3 with MPC control ...
Démarrage simulation IndPenSim (N=1150 pas)...
Simulation terminée.
  MPC simulation done in 294.5s
  Batch 3: Bio RMSE=4.6135  Pen RMSE=5.4118

──────────────────────────────────────────────────────────────────────────────────────────
Batch  Fault    Bio RMSE    Bio MAE    Pen RMSE    Pen MAE    [Recipe] Bio    [Recipe] Pen
──────────────────────────────────────────────────────────────────────────────────────────
    1      0      4.6887     4.4369     13.3182     9.6350          1.3428          1.1980
    2      1      4.3682     4.1371      8.2641     6.4357          2.7153          2.6490
    3      3      4.6135     4.3279      5.4118     4.3080          1.2897          2.3636
──────────────────────────────────────────────────────────────────────────────────────────
 MEAN      ─      4.5568          ─      8.9980          ─          1.7826          2.0702

MPC vs Recipe penicillin yield comparison:
  Batch    Pen RMSE (MPC)   Pen RMSE (recipe)      Gain
      1           13.3182              1.1980  -1011.7%
      2            8.2641              2.6490   -212.0%
      3            5.4118              2.3636   -129.0%

  Plot saved → outputs/mpc_sweep/h5/pi_lstm_raman/batch_001_pi_lstm_raman_fault0.png
  Plot saved → outputs/mpc_sweep/h5/pi_lstm_raman/batch_002_pi_lstm_raman_fault1.png
  Plot saved → outputs/mpc_sweep/h5/pi_lstm_raman/batch_003_pi_lstm_raman_fault3.png
Done.
