/home/gabriel/workspace/PI_LSTM/venv/lib/python3.10/site-packages/torch/cuda/__init__.py:611: UserWarning: Can't initialize NVML
  warnings.warn("Can't initialize NVML")

IndPenSim Simulator
  model      : pi_lstm
  checkpoint : checkpoints/pi_lstm.pt
  n_batches  : 3
  faults     : [0, 1, 3]
  mpc        : True
  knn_raman  : False
  device     : cuda
  seed       : 42
  Loading checkpoint: checkpoints/pi_lstm.pt
  Algorithm: pi_lstm  |  device: cuda

Building MPC controller ...

  Simulating batch 1 recipe baseline (fault=0) ...
Running IndPenSim (Python)...
Démarrage simulation IndPenSim (N=1150 pas)...
Simulation terminée.
Penicillin harvested during the batch -1186 Kg
Final Penicillin yield at harvest 2613 Kg
Total penicillin 3799 Kg
  Simulating batch 1 with MPC control ...
Démarrage simulation IndPenSim (N=1150 pas)...
Simulation terminée.
  MPC simulation done in 242.2s
  Batch 1: Bio RMSE=2.4941  Pen RMSE=4.8307

  Simulating batch 2 recipe baseline (fault=1) ...
Running IndPenSim (Python)...
Démarrage simulation IndPenSim (N=1150 pas)...
Simulation terminée.
Penicillin harvested during the batch -1064 Kg
Final Penicillin yield at harvest 1840 Kg
Total penicillin 2903 Kg
  Simulating batch 2 with MPC control ...
Démarrage simulation IndPenSim (N=1150 pas)...
Simulation terminée.
  MPC simulation done in 240.2s
  Batch 2: Bio RMSE=2.6657  Pen RMSE=3.2193

  Simulating batch 3 recipe baseline (fault=3) ...
Running IndPenSim (Python)...
Démarrage simulation IndPenSim (N=1150 pas)...
Simulation terminée.
Penicillin harvested during the batch -902 Kg
Final Penicillin yield at harvest 1182 Kg
Total penicillin 2084 Kg
  Simulating batch 3 with MPC control ...
Démarrage simulation IndPenSim (N=1150 pas)...
Simulation terminée.
  MPC simulation done in 245.6s
  Batch 3: Bio RMSE=2.3276  Pen RMSE=3.7698

──────────────────────────────────────────────────────────────────────────────────────────
Batch  Fault    Bio RMSE    Bio MAE    Pen RMSE    Pen MAE    [Recipe] Bio    [Recipe] Pen
──────────────────────────────────────────────────────────────────────────────────────────
    1      0      2.4941     2.2477      4.8307     3.9360          1.1676          0.6947
    2      1      2.6657     2.3913      3.2193     2.9658          2.9302          2.5028
    3      3      2.3276     2.0632      3.7698     3.4542          1.0039          2.5865
──────────────────────────────────────────────────────────────────────────────────────────
 MEAN      ─      2.4958          ─      3.9400          ─          1.7005          1.9280

MPC vs Recipe penicillin yield comparison:
  Batch    Pen RMSE (MPC)   Pen RMSE (recipe)      Gain
      1            4.8307              0.6947   -595.4%
      2            3.2193              2.5028    -28.6%
      3            3.7698              2.5865    -45.7%

  Plot saved → outputs/mpc_sweep/h5/pi_lstm/batch_001_pi_lstm_fault0.png
  Plot saved → outputs/mpc_sweep/h5/pi_lstm/batch_002_pi_lstm_fault1.png
  Plot saved → outputs/mpc_sweep/h5/pi_lstm/batch_003_pi_lstm_fault3.png
Done.
