/home/gabriel/workspace/PI_LSTM/venv/lib/python3.10/site-packages/torch/cuda/__init__.py:611: UserWarning: Can't initialize NVML
  warnings.warn("Can't initialize NVML")

IndPenSim Simulator
  model      : neural_ode
  checkpoint : checkpoints/neural_ode.pt
  n_batches  : 3
  faults     : [0, 1, 3]
  mpc        : True
  knn_raman  : False
  device     : cuda
  seed       : 42
  Loading checkpoint: checkpoints/neural_ode.pt
  Algorithm: neural_ode  |  device: cuda

Building MPC controller ...

  Simulating batch 1 recipe baseline (fault=0) ...
Running IndPenSim (Python)...
Démarrage simulation IndPenSim (N=1150 pas)...
Simulation terminée.
Penicillin harvested during the batch -1186 Kg
Final Penicillin yield at harvest 2613 Kg
Total penicillin 3799 Kg
  Simulating batch 1 with MPC control ...
Démarrage simulation IndPenSim (N=1150 pas)...
Simulation terminée.
  MPC simulation done in 1460.7s
  Batch 1: Bio RMSE=3.9011  Pen RMSE=9.9879

  Simulating batch 2 recipe baseline (fault=1) ...
Running IndPenSim (Python)...
Démarrage simulation IndPenSim (N=1150 pas)...
Simulation terminée.
Penicillin harvested during the batch -553 Kg
Final Penicillin yield at harvest 906 Kg
Total penicillin 1459 Kg
  Simulating batch 2 with MPC control ...
Démarrage simulation IndPenSim (N=1150 pas)...
Simulation terminée.
  MPC simulation done in 1220.9s
  Batch 2: Bio RMSE=3.8371  Pen RMSE=7.5827

  Simulating batch 3 recipe baseline (fault=3) ...
Running IndPenSim (Python)...
Démarrage simulation IndPenSim (N=1150 pas)...
Simulation terminée.
Penicillin harvested during the batch -902 Kg
Final Penicillin yield at harvest 1750 Kg
Total penicillin 2653 Kg
  Simulating batch 3 with MPC control ...
Démarrage simulation IndPenSim (N=1150 pas)...
Simulation terminée.
  MPC simulation done in 1063.4s
  Batch 3: Bio RMSE=2.9105  Pen RMSE=4.4858

──────────────────────────────────────────────────────────────────────────────────────────
Batch  Fault    Bio RMSE    Bio MAE    Pen RMSE    Pen MAE    [Recipe] Bio    [Recipe] Pen
──────────────────────────────────────────────────────────────────────────────────────────
    1      0      3.9011     3.5703      9.9879     6.9521          1.1423          1.0126
    2      1      3.8371     3.5086      7.5827     4.9951          3.0504          1.4444
    3      3      2.9105     2.2674      4.4858     3.4963          1.0123          8.2479
──────────────────────────────────────────────────────────────────────────────────────────
 MEAN      ─      3.5496          ─      7.3522          ─          1.7350          3.5683

MPC vs Recipe penicillin yield comparison:
  Batch    Pen RMSE (MPC)   Pen RMSE (recipe)      Gain
      1            9.9879              1.0126   -886.3%
      2            7.5827              1.4444   -425.0%
      3            4.4858              8.2479  +   45.6%

  Plot saved → outputs/mpc_sweep/h20/neural_ode/batch_001_neural_ode_fault0.png
  Plot saved → outputs/mpc_sweep/h20/neural_ode/batch_002_neural_ode_fault1.png
  Plot saved → outputs/mpc_sweep/h20/neural_ode/batch_003_neural_ode_fault3.png
Done.
