/home/gabriel/workspace/PI_LSTM/venv/lib/python3.10/site-packages/torch/cuda/__init__.py:611: UserWarning: Can't initialize NVML
  warnings.warn("Can't initialize NVML")

IndPenSim Simulator
  model      : pi_lstm
  checkpoint : checkpoints/pi_lstm.pt
  n_batches  : 3
  faults     : [0, 1, 3]
  mpc        : True
  knn_raman  : False
  device     : cuda
  seed       : 42
  Loading checkpoint: checkpoints/pi_lstm.pt
  Algorithm: pi_lstm  |  device: cuda

Building MPC controller ...

  Simulating batch 1 recipe baseline (fault=0) ...
Running IndPenSim (Python)...
Démarrage simulation IndPenSim (N=1150 pas)...
Simulation terminée.
Penicillin harvested during the batch -1186 Kg
Final Penicillin yield at harvest 2613 Kg
Total penicillin 3799 Kg
  Simulating batch 1 with MPC control ...
Démarrage simulation IndPenSim (N=1150 pas)...
Simulation terminée.
  MPC simulation done in 455.5s
  Batch 1: Bio RMSE=2.8673  Pen RMSE=1.5578

  Simulating batch 2 recipe baseline (fault=1) ...
Running IndPenSim (Python)...
Démarrage simulation IndPenSim (N=1150 pas)...
Simulation terminée.
Penicillin harvested during the batch -515 Kg
Final Penicillin yield at harvest 551 Kg
Total penicillin 1065 Kg
  Simulating batch 2 with MPC control ...
Démarrage simulation IndPenSim (N=1150 pas)...
Simulation terminée.
  MPC simulation done in 453.9s
  Batch 2: Bio RMSE=3.5572  Pen RMSE=1.7430

  Simulating batch 3 recipe baseline (fault=3) ...
Running IndPenSim (Python)...
Démarrage simulation IndPenSim (N=1150 pas)...
Simulation terminée.
Penicillin harvested during the batch -810 Kg
Final Penicillin yield at harvest 997 Kg
Total penicillin 1807 Kg
  Simulating batch 3 with MPC control ...
Démarrage simulation IndPenSim (N=1150 pas)...
Simulation terminée.
  MPC simulation done in 451.3s
  Batch 3: Bio RMSE=3.0844  Pen RMSE=1.5957

──────────────────────────────────────────────────────────────────────────────────────────
Batch  Fault    Bio RMSE    Bio MAE    Pen RMSE    Pen MAE    [Recipe] Bio    [Recipe] Pen
──────────────────────────────────────────────────────────────────────────────────────────
    1      0      2.8673     2.6168      1.5578     1.2433          1.1676          0.6947
    2      1      3.5572     3.2702      1.7430     1.6200          2.8209          1.8421
    3      3      3.0844     2.8290      1.5957     1.3387          1.1667          3.1565
──────────────────────────────────────────────────────────────────────────────────────────
 MEAN      ─      3.1696          ─      1.6322          ─          1.7184          1.8978

MPC vs Recipe penicillin yield comparison:
  Batch    Pen RMSE (MPC)   Pen RMSE (recipe)      Gain
      1            1.5578              0.6947   -124.2%
      2            1.7430              1.8421  +    5.4%
      3            1.5957              3.1565  +   49.4%

  Plot saved → outputs/mpc_sweep/h20/pi_lstm/batch_001_pi_lstm_fault0.png
  Plot saved → outputs/mpc_sweep/h20/pi_lstm/batch_002_pi_lstm_fault1.png
  Plot saved → outputs/mpc_sweep/h20/pi_lstm/batch_003_pi_lstm_fault3.png
Done.
