/home/gabriel/workspace/PI_LSTM/venv/lib/python3.10/site-packages/torch/cuda/__init__.py:611: UserWarning: Can't initialize NVML
  warnings.warn("Can't initialize NVML")
INFO:model:Building CDAE with input_length=2200, latent_dim=64
INFO:model:Encoder progression: 2200 -> 1100 -> 550
INFO:model:Flatten size: 35200
========================================================================
  Closed-Loop BPTT Fine-Tuning
========================================================================
  model             : neural_ode_raman
  pretrained ckpt   : checkpoints/neural_ode_raman.pt
  horizon           : 20  (val_horizon=20)
  epochs            : 10
  lr                : 0.0001
  scheduled sampling: True
  batch size        : 32
  grad clip         : 5.0
  es patience       : 5
  device            : cuda
  output            : checkpoints/neural_ode_raman_finetuned.pt

[1/5] Loading pretrained checkpoint ...
  Algorithm class   : NeuralODEAlgorithm  (alg.name='neural_ode')
  Trainable params  : 10,050
  Feature columns   : 87  (23 process + 64 Raman)

[2/5] Loading dataset ...
  Loading Raman encoder (frozen): ./AutoEncoder/outputs/models/best_model.pth
  Reading ./100_Batches_IndPenSim_V3.csv ...
  Raw shape: 113,935 rows × 2239 columns
  Encoding Raman spectra ...
  Raman: encoding 112,935 / 113,935 rows ...
  Detected 100 batches
  Fault-free: 90  |  Faulty: 10
  Train batches: 72   Val batches: 18

[3/5] Building closed-loop datasets ...
  Neural ODE  dt = 0.2
  [Dataset/NODE]   8,136 segments  horizon=20  stride=10  n_ctrl=87
  [Dataset/NODE]   2,006 segments  horizon=20  stride=10  n_ctrl=87

[4/5] Building optimiser ...
  Single param group: lr=1.0e-04

[5/5] Fine-tuning ...
    Ep     TF   train_loss    val_loss       Δval         lr     time
  ───────────────────────────────────────────────────────────────────
  ★  1/10  0.900     0.000000    0.000009       -inf   1.00e-04    67.6s
  ★  2/10  0.800     0.000000    0.000006   -0.00000   1.00e-04    58.4s
     3/10  0.700     0.000000    0.000007   +0.00000   1.00e-04    50.3s
     4/10  0.600     0.000000    0.000006   +0.00000   1.00e-04    49.1s
  ★  5/10  0.500     0.000001    0.000005   -0.00000   1.00e-04    60.3s
     6/10  0.400     0.000001    0.000006   +0.00000   1.00e-04    69.4s
     7/10  0.300     0.000003    0.000007   +0.00000   1.00e-04    70.1s
     8/10  0.200     0.000003    0.000006   +0.00000   1.00e-04    69.2s
     9/10  0.100     0.000004    0.000008   +0.00000   5.00e-05    65.7s
  ★ 10/10  0.000     0.000006    0.000005   -0.00000   5.00e-05    55.7s

  Best weights restored  (val_loss = 0.000005)

  Fine-tuned checkpoint saved → checkpoints/neural_ode_raman_finetuned.pt

  Fine-tuning summary
  ────────────────────────────────────────
  Epochs run       : 10
  Best val loss    : 0.000005
  Train loss       : 0.000000 → 0.000006  (+3705.2 %)
  Checkpoint       : checkpoints/neural_ode_raman_finetuned.pt
========================================================================
