/home/gabriel/workspace/PI_LSTM/venv/lib/python3.10/site-packages/torch/cuda/__init__.py:611: UserWarning: Can't initialize NVML
  warnings.warn("Can't initialize NVML")
INFO:model:Building CDAE with input_length=2200, latent_dim=64
INFO:model:Encoder progression: 2200 -> 1100 -> 550
INFO:model:Flatten size: 35200
========================================================================
  Closed-Loop BPTT Fine-Tuning
========================================================================
  model             : pi_lstm_raman
  pretrained ckpt   : checkpoints/pi_lstm_raman.pt
  horizon           : 20  (val_horizon=20)
  epochs            : 10
  lr                : 0.0001
  scheduled sampling: True
  batch size        : 32
  grad clip         : 5.0
  es patience       : 5
  device            : cuda
  output            : checkpoints/pi_lstm_raman_finetuned.pt

[1/5] Loading pretrained checkpoint ...
  Algorithm class   : PILSTMAlgorithm  (alg.name='pi_lstm')
  Trainable params  : 41,446
  Feature columns   : 87  (23 process + 64 Raman)

[2/5] Loading dataset ...
  Loading Raman encoder (frozen): ./AutoEncoder/outputs/models/best_model.pth
  Reading ./100_Batches_IndPenSim_V3.csv ...
  Raw shape: 113,935 rows × 2239 columns
  Encoding Raman spectra ...
  Raman: encoding 112,935 / 113,935 rows ...
  Detected 100 batches
  Fault-free: 90  |  Faulty: 10
  Train batches: 72   Val batches: 18

[3/5] Building closed-loop datasets ...
  PI-LSTM warmup_len = 24  (= original seq_len)
  [Dataset/PILSTM] 6,636 windows  warmup=24  horizon=20  stride=12  n_feat=87
  [Dataset/PILSTM] 1,630 windows  warmup=24  horizon=20  stride=12  n_feat=87

[4/5] Building optimiser ...
  Two param groups: network lr=1.0e-04, physics lr=1.0e-03
  Physics lambda=0.1000  dt_n=0.000690

[5/5] Fine-tuning ...
    Ep     TF   train_loss    val_loss       Δval         lr     time
  ───────────────────────────────────────────────────────────────────
  ★  1/10  0.900     0.000017    0.000036       -inf   1.00e-04    13.9s  phys=0.00000
  ★  2/10  0.800     0.000017    0.000036   -0.00000   1.00e-04    13.8s  phys=0.00000
     3/10  0.700     0.000017    0.000041   +0.00001   1.00e-04    14.1s  phys=0.00000
     4/10  0.600     0.000017    0.000039   +0.00000   1.00e-04    14.2s  phys=0.00000
  ★  5/10  0.500     0.000016    0.000036   -0.00000   1.00e-04    14.0s  phys=0.00000
     6/10  0.400     0.000017    0.000042   +0.00001   1.00e-04    14.0s  phys=0.00000
     7/10  0.300     0.000017    0.000036   +0.00000   1.00e-04    14.0s  phys=0.00000
     8/10  0.200     0.000019    0.000068   +0.00003   1.00e-04    13.9s  phys=0.00000
     9/10  0.100     0.000021    0.000038   +0.00000   5.00e-05    14.1s  phys=0.00000
    10/10  0.000     0.000015    0.000037   +0.00000   5.00e-05    13.6s  phys=0.00000

  [Early Stop] No improvement for 5 epochs — stopped at epoch 10.

  Best weights restored  (val_loss = 0.000036)

  Fine-tuned checkpoint saved → checkpoints/pi_lstm_raman_finetuned.pt

  Fine-tuning summary
  ────────────────────────────────────────
  Epochs run       : 10
  Best val loss    : 0.000036
  Train loss       : 0.000017 → 0.000015  (-12.6 %)
  Checkpoint       : checkpoints/pi_lstm_raman_finetuned.pt
========================================================================
