/home/gabriel/workspace/PI_LSTM/venv/lib/python3.10/site-packages/torch/cuda/__init__.py:611: UserWarning: Can't initialize NVML
  warnings.warn("Can't initialize NVML")
========================================================================
  Closed-Loop BPTT Fine-Tuning
========================================================================
  model             : pi_lstm
  pretrained ckpt   : checkpoints/pi_lstm.pt
  horizon           : 20  (val_horizon=20)
  epochs            : 10
  lr                : 0.0001
  scheduled sampling: True
  batch size        : 32
  grad clip         : 5.0
  es patience       : 5
  device            : cuda
  output            : checkpoints/pi_lstm_finetuned.pt

[1/5] Loading pretrained checkpoint ...
  Algorithm class   : PILSTMAlgorithm  (alg.name='pi_lstm')
  Trainable params  : 25,062
  Feature columns   : 23  (23 process only)

[2/5] Loading dataset ...
  Reading ./100_Batches_IndPenSim_V3.csv ...
  Raw shape: 113,935 rows × 26 columns
  Detected 100 batches
  Fault-free: 90  |  Faulty: 10
  Train batches: 72   Val batches: 18

[3/5] Building closed-loop datasets ...
  PI-LSTM warmup_len = 24  (= original seq_len)
  [Dataset/PILSTM] 6,636 windows  warmup=24  horizon=20  stride=12  n_feat=23
  [Dataset/PILSTM] 1,630 windows  warmup=24  horizon=20  stride=12  n_feat=23

[4/5] Building optimiser ...
  Two param groups: network lr=1.0e-04, physics lr=1.0e-03
  Physics lambda=0.1000  dt_n=0.000690

[5/5] Fine-tuning ...
    Ep     TF   train_loss    val_loss       Δval         lr     time
  ───────────────────────────────────────────────────────────────────
  ★  1/10  0.900     0.000405    0.000946       -inf   1.00e-04    13.9s  phys=0.00004
     2/10  0.800     0.000380    0.000981   +0.00004   1.00e-04    13.8s  phys=0.00002
     3/10  0.700     0.000380    0.001006   +0.00006   1.00e-04    13.9s  phys=0.00002
  ★  4/10  0.600     0.000372    0.000908   -0.00004   1.00e-04    14.7s  phys=0.00002
  ★  5/10  0.500     0.000371    0.000841   -0.00007   1.00e-04    13.4s  phys=0.00001
     6/10  0.400     0.000371    0.000885   +0.00004   1.00e-04    13.8s  phys=0.00001
  ★  7/10  0.300     0.000383    0.000827   -0.00001   1.00e-04    13.9s  phys=0.00001
     8/10  0.200     0.000391    0.000928   +0.00010   1.00e-04    13.9s  phys=0.00001
     9/10  0.100     0.000365    0.000879   +0.00005   1.00e-04    13.6s  phys=0.00001
    10/10  0.000     0.000370    0.000899   +0.00007   1.00e-04    12.7s  phys=0.00001

  Best weights restored  (val_loss = 0.000827)

  Fine-tuned checkpoint saved → checkpoints/pi_lstm_finetuned.pt

  Fine-tuning summary
  ────────────────────────────────────────
  Epochs run       : 10
  Best val loss    : 0.000827
  Train loss       : 0.000405 → 0.000370  (-8.8 %)
  Checkpoint       : checkpoints/pi_lstm_finetuned.pt
========================================================================
