/home/gabriel/workspace/PI_LSTM/venv/lib/python3.10/site-packages/torch/cuda/__init__.py:611: UserWarning: Can't initialize NVML
  warnings.warn("Can't initialize NVML")

IndPenSim Simulator
  model      : neural_ode
  checkpoint : checkpoints/neural_ode.pt
  n_batches  : 3
  faults     : [0, 1, 3]
  mpc        : False
  knn_raman  : False
  device     : cuda
  seed       : 42
  Loading checkpoint: checkpoints/neural_ode.pt
  Algorithm: neural_ode  |  device: cuda

  Simulating batch 1 (fault=0) ...
Running IndPenSim (Python)...
Démarrage simulation IndPenSim (N=1150 pas)...
Simulation terminée.
Penicillin harvested during the batch -1186 Kg
Final Penicillin yield at harvest 2613 Kg
Total penicillin 3799 Kg
  Simulation done in 15.7s
  Batch 1: Bio RMSE=1.1423  Pen RMSE=1.0126

  Simulating batch 2 (fault=1) ...
Running IndPenSim (Python)...
Démarrage simulation IndPenSim (N=1150 pas)...
Simulation terminée.
Penicillin harvested during the batch -641 Kg
Final Penicillin yield at harvest 676 Kg
Total penicillin 1317 Kg
  Simulation done in 16.5s
  Batch 2: Bio RMSE=2.8490  Pen RMSE=1.1529

  Simulating batch 3 (fault=3) ...
Running IndPenSim (Python)...
Démarrage simulation IndPenSim (N=1150 pas)...
Simulation terminée.
Penicillin harvested during the batch -965 Kg
Final Penicillin yield at harvest 1645 Kg
Total penicillin 2610 Kg
  Simulation done in 15.2s
  Batch 3: Bio RMSE=1.0415  Pen RMSE=1.9663

──────────────────────────────────────────────────────────
Batch  Fault    Bio RMSE    Bio MAE    Pen RMSE    Pen MAE
──────────────────────────────────────────────────────────
    1      0      1.1423     0.8541      1.0126     0.8854
    2      1      2.8490     1.8185      1.1529     0.7399
    3      3      1.0415     0.8941      1.9663     1.7598
──────────────────────────────────────────────────────────
 MEAN      ─      1.6776          ─      1.3773          ─

  Plot saved → outputs/mpc_sweep/recipe/neural_ode/batch_001_neural_ode_fault0.png
  Plot saved → outputs/mpc_sweep/recipe/neural_ode/batch_002_neural_ode_fault1.png
  Plot saved → outputs/mpc_sweep/recipe/neural_ode/batch_003_neural_ode_fault3.png
Done.
