/home/gabriel/workspace/PI_LSTM/venv/lib/python3.10/site-packages/torch/cuda/__init__.py:611: UserWarning: Can't initialize NVML
  warnings.warn("Can't initialize NVML")

IndPenSim Simulator
  model      : pi_lstm
  checkpoint : checkpoints/pi_lstm.pt
  n_batches  : 3
  faults     : [0, 1, 3]
  mpc        : False
  knn_raman  : False
  device     : cuda
  seed       : 42
  Loading checkpoint: checkpoints/pi_lstm.pt
  Algorithm: pi_lstm  |  device: cuda

  Simulating batch 1 (fault=0) ...
Running IndPenSim (Python)...
Démarrage simulation IndPenSim (N=1150 pas)...
Simulation terminée.
Penicillin harvested during the batch -1186 Kg
Final Penicillin yield at harvest 2613 Kg
Total penicillin 3799 Kg
  Simulation done in 14.5s
  Batch 1: Bio RMSE=1.1676  Pen RMSE=0.6947

  Simulating batch 2 (fault=1) ...
Running IndPenSim (Python)...
Démarrage simulation IndPenSim (N=1150 pas)...
Simulation terminée.
Penicillin harvested during the batch -641 Kg
Final Penicillin yield at harvest 676 Kg
Total penicillin 1317 Kg
  Simulation done in 15.2s
  Batch 2: Bio RMSE=2.6722  Pen RMSE=1.6285

  Simulating batch 3 (fault=3) ...
Running IndPenSim (Python)...
Démarrage simulation IndPenSim (N=1150 pas)...
Simulation terminée.
Penicillin harvested during the batch -965 Kg
Final Penicillin yield at harvest 1645 Kg
Total penicillin 2610 Kg
  Simulation done in 13.9s
  Batch 3: Bio RMSE=1.3333  Pen RMSE=2.0090

──────────────────────────────────────────────────────────
Batch  Fault    Bio RMSE    Bio MAE    Pen RMSE    Pen MAE
──────────────────────────────────────────────────────────
    1      0      1.1676     0.8650      0.6947     0.5208
    2      1      2.6722     1.6616      1.6285     1.2307
    3      3      1.3333     1.1043      2.0090     1.7830
──────────────────────────────────────────────────────────
 MEAN      ─      1.7244          ─      1.4441          ─

  Plot saved → outputs/mpc_sweep/recipe/pi_lstm/batch_001_pi_lstm_fault0.png
  Plot saved → outputs/mpc_sweep/recipe/pi_lstm/batch_002_pi_lstm_fault1.png
  Plot saved → outputs/mpc_sweep/recipe/pi_lstm/batch_003_pi_lstm_fault3.png
Done.
