/home/gabriel/workspace/PI_LSTM/venv/lib/python3.10/site-packages/torch/cuda/__init__.py:611: UserWarning: Can't initialize NVML
  warnings.warn("Can't initialize NVML")
INFO:model:Building CDAE with input_length=2200, latent_dim=64
INFO:model:Encoder progression: 2200 -> 1100 -> 550
INFO:model:Flatten size: 35200

IndPenSim Simulator
  model      : neural_ode_raman
  checkpoint : checkpoints/neural_ode_raman_finetuned.pt
  n_batches  : 3
  faults     : [0, 1, 3]
  mpc        : True  (horizon=20, steps=5, bio_weight=0.5)
  knn_raman  : True
  device     : cuda
  seed       : 42
  Loading checkpoint: checkpoints/neural_ode_raman_finetuned.pt
  Algorithm: neural_ode  |  device: cuda

Building KNN Raman selector ...
[KNNRamanSelector] Loading cache from outputs/raman_knn_cache.npz ...
[KNNRamanSelector] Cache loaded: 112,935 rows.

Building MPC controller ...

  Simulating batch 1 recipe baseline (fault=0) ...
Running IndPenSim (Python)...
Démarrage simulation IndPenSim (N=1150 pas)...
Simulation terminée.
Penicillin harvested during the batch -1186 Kg
Final Penicillin yield at harvest 2613 Kg
Total penicillin 3799 Kg
  Simulating batch 1 with MPC control ...
Démarrage simulation IndPenSim (N=1150 pas)...
Simulation terminée.
  MPC simulation done in 1448.7s
  Batch 1: Bio RMSE=0.9978  Pen RMSE=7.5287

  Simulating batch 2 recipe baseline (fault=1) ...
Running IndPenSim (Python)...
Démarrage simulation IndPenSim (N=1150 pas)...
Simulation terminée.
Penicillin harvested during the batch -781 Kg
Final Penicillin yield at harvest 910 Kg
Total penicillin 1691 Kg
  Simulating batch 2 with MPC control ...
Démarrage simulation IndPenSim (N=1150 pas)...
Simulation terminée.
  MPC simulation done in 1234.6s
  Batch 2: Bio RMSE=1.8210  Pen RMSE=9.5129

  Simulating batch 3 recipe baseline (fault=3) ...
Running IndPenSim (Python)...
Démarrage simulation IndPenSim (N=1150 pas)...
Simulation terminée.
Penicillin harvested during the batch -717 Kg
Final Penicillin yield at harvest 899 Kg
Total penicillin 1616 Kg
  Simulating batch 3 with MPC control ...
Démarrage simulation IndPenSim (N=1150 pas)...
Simulation terminée.
  MPC simulation done in 1201.9s
  Batch 3: Bio RMSE=1.2717  Pen RMSE=9.5399

──────────────────────────────────────────────────────────────────────────────────────────
Batch  Fault    Bio RMSE    Bio MAE    Pen RMSE    Pen MAE    [Recipe] Bio    [Recipe] Pen
──────────────────────────────────────────────────────────────────────────────────────────
    1      0      0.9978     0.7722      7.5287     6.6274          0.9743          2.8508
    2      1      1.8210     1.5496      9.5129     8.1672          1.6881          1.3235
    3      3      1.2717     1.1182      9.5399     8.2471          0.9183          1.5974
──────────────────────────────────────────────────────────────────────────────────────────
 MEAN      ─      1.3635          ─      8.8605          ─          1.1935          1.9239

MPC vs Recipe penicillin yield comparison:
  Batch    Pen RMSE (MPC)   Pen RMSE (recipe)      Gain
      1            7.5287              2.8508   -164.1%
      2            9.5129              1.3235   -618.8%
      3            9.5399              1.5974   -497.2%

  Plot saved → outputs/mpc_finetuned/h20/neural_ode_raman/batch_001_neural_ode_raman_fault0.png
  Plot saved → outputs/mpc_finetuned/h20/neural_ode_raman/batch_002_neural_ode_raman_fault1.png
  Plot saved → outputs/mpc_finetuned/h20/neural_ode_raman/batch_003_neural_ode_raman_fault3.png
Done.
