/home/gabriel/workspace/PI_LSTM/venv/lib/python3.10/site-packages/torch/cuda/__init__.py:611: UserWarning: Can't initialize NVML
  warnings.warn("Can't initialize NVML")

IndPenSim Simulator
  model      : pi_lstm
  checkpoint : checkpoints/pi_lstm_finetuned.pt
  n_batches  : 3
  faults     : [0, 1, 3]
  mpc        : True  (horizon=20, steps=5, bio_weight=0.5)
  knn_raman  : False
  device     : cuda
  seed       : 42
  Loading checkpoint: checkpoints/pi_lstm_finetuned.pt
  Algorithm: pi_lstm  |  device: cuda

Building MPC controller ...

  Simulating batch 1 recipe baseline (fault=0) ...
Running IndPenSim (Python)...
Démarrage simulation IndPenSim (N=1150 pas)...
Simulation terminée.
Penicillin harvested during the batch -1186 Kg
Final Penicillin yield at harvest 2613 Kg
Total penicillin 3799 Kg
  Simulating batch 1 with MPC control ...
Démarrage simulation IndPenSim (N=1150 pas)...
Simulation terminée.
  MPC simulation done in 463.5s
  Batch 1: Bio RMSE=1.5351  Pen RMSE=6.9722

  Simulating batch 2 recipe baseline (fault=1) ...
Running IndPenSim (Python)...
Démarrage simulation IndPenSim (N=1150 pas)...
Simulation terminée.
Penicillin harvested during the batch -786 Kg
Final Penicillin yield at harvest 907 Kg
Total penicillin 1693 Kg
  Simulating batch 2 with MPC control ...
Démarrage simulation IndPenSim (N=1150 pas)...
Simulation terminée.
  MPC simulation done in 457.2s
  Batch 2: Bio RMSE=1.7429  Pen RMSE=10.2996

  Simulating batch 3 recipe baseline (fault=3) ...
Running IndPenSim (Python)...
Démarrage simulation IndPenSim (N=1150 pas)...
Simulation terminée.
Penicillin harvested during the batch -354 Kg
Final Penicillin yield at harvest 566 Kg
Total penicillin 919 Kg
  Simulating batch 3 with MPC control ...
Démarrage simulation IndPenSim (N=1150 pas)...
Simulation terminée.
  MPC simulation done in 465.9s
  Batch 3: Bio RMSE=2.0893  Pen RMSE=8.6202

──────────────────────────────────────────────────────────────────────────────────────────
Batch  Fault    Bio RMSE    Bio MAE    Pen RMSE    Pen MAE    [Recipe] Bio    [Recipe] Pen
──────────────────────────────────────────────────────────────────────────────────────────
    1      0      1.5351     1.3847      6.9722     5.8121          1.0908          1.0535
    2      1      1.7429     1.4928     10.2996     8.1842          2.7618          1.8733
    3      3      2.0893     1.8600      8.6202     6.9360          0.7460          5.4474
──────────────────────────────────────────────────────────────────────────────────────────
 MEAN      ─      1.7891          ─      8.6307          ─          1.5329          2.7914

MPC vs Recipe penicillin yield comparison:
  Batch    Pen RMSE (MPC)   Pen RMSE (recipe)      Gain
      1            6.9722              1.0535   -561.8%
      2           10.2996              1.8733   -449.8%
      3            8.6202              5.4474    -58.2%

  Plot saved → outputs/mpc_finetuned/h20/pi_lstm/batch_001_pi_lstm_fault0.png
  Plot saved → outputs/mpc_finetuned/h20/pi_lstm/batch_002_pi_lstm_fault1.png
  Plot saved → outputs/mpc_finetuned/h20/pi_lstm/batch_003_pi_lstm_fault3.png
Done.
