/home/gabriel/workspace/PI_LSTM/venv/lib/python3.10/site-packages/torch/cuda/__init__.py:611: UserWarning: Can't initialize NVML
  warnings.warn("Can't initialize NVML")

IndPenSim Simulator
  model      : neural_ode
  checkpoint : checkpoints/neural_ode.pt
  n_batches  : 3
  faults     : [0, 1, 3]
  mpc        : True
  knn_raman  : False
  device     : cuda
  seed       : 42
  Loading checkpoint: checkpoints/neural_ode.pt
  Algorithm: neural_ode  |  device: cuda

Building MPC controller ...

  Simulating batch 1 recipe baseline (fault=0) ...
Running IndPenSim (Python)...
Démarrage simulation IndPenSim (N=1150 pas)...
Simulation terminée.
Penicillin harvested during the batch -1186 Kg
Final Penicillin yield at harvest 2613 Kg
Total penicillin 3799 Kg
  Simulating batch 1 with MPC control ...
Démarrage simulation IndPenSim (N=1150 pas)...
Simulation terminée.
  MPC simulation done in 749.7s
  Batch 1: Bio RMSE=3.8202  Pen RMSE=11.4848

  Simulating batch 2 recipe baseline (fault=1) ...
Running IndPenSim (Python)...
Démarrage simulation IndPenSim (N=1150 pas)...
Simulation terminée.
Penicillin harvested during the batch -778 Kg
Final Penicillin yield at harvest 912 Kg
Total penicillin 1690 Kg
  Simulating batch 2 with MPC control ...
Démarrage simulation IndPenSim (N=1150 pas)...
Simulation terminée.
  MPC simulation done in 673.1s
  Batch 2: Bio RMSE=4.0944  Pen RMSE=6.8715

  Simulating batch 3 recipe baseline (fault=3) ...
Running IndPenSim (Python)...
Démarrage simulation IndPenSim (N=1150 pas)...
Simulation terminée.
Penicillin harvested during the batch -1174 Kg
Final Penicillin yield at harvest 2419 Kg
Total penicillin 3594 Kg
  Simulating batch 3 with MPC control ...
Démarrage simulation IndPenSim (N=1150 pas)...
Simulation terminée.
  MPC simulation done in 589.1s
  Batch 3: Bio RMSE=3.0363  Pen RMSE=3.8133

──────────────────────────────────────────────────────────────────────────────────────────
Batch  Fault    Bio RMSE    Bio MAE    Pen RMSE    Pen MAE    [Recipe] Bio    [Recipe] Pen
──────────────────────────────────────────────────────────────────────────────────────────
    1      0      3.8202     3.4024     11.4848     7.5944          1.1423          1.0126
    2      1      4.0944     3.7130      6.8715     4.2620          3.1761          2.2535
    3      3      3.0363     2.3994      3.8133     3.2092          1.1072          3.9383
──────────────────────────────────────────────────────────────────────────────────────────
 MEAN      ─      3.6503          ─      7.3899          ─          1.8085          2.4015

MPC vs Recipe penicillin yield comparison:
  Batch    Pen RMSE (MPC)   Pen RMSE (recipe)      Gain
      1           11.4848              1.0126  -1034.2%
      2            6.8715              2.2535   -204.9%
      3            3.8133              3.9383  +    3.2%

  Plot saved → outputs/mpc_sweep/h10/neural_ode/batch_001_neural_ode_fault0.png
  Plot saved → outputs/mpc_sweep/h10/neural_ode/batch_002_neural_ode_fault1.png
  Plot saved → outputs/mpc_sweep/h10/neural_ode/batch_003_neural_ode_fault3.png
Done.
