/home/gabriel/workspace/PI_LSTM/venv/lib/python3.10/site-packages/torch/cuda/__init__.py:611: UserWarning: Can't initialize NVML
  warnings.warn("Can't initialize NVML")
INFO:model:Building CDAE with input_length=2200, latent_dim=64
INFO:model:Encoder progression: 2200 -> 1100 -> 550
INFO:model:Flatten size: 35200

IndPenSim Simulator
  model      : pi_lstm_raman
  checkpoint : checkpoints/pi_lstm_raman.pt
  n_batches  : 3
  faults     : [0, 1, 3]
  mpc        : True
  knn_raman  : True
  device     : cuda
  seed       : 42
  Loading checkpoint: checkpoints/pi_lstm_raman.pt
  Algorithm: pi_lstm  |  device: cuda

Building KNN Raman selector ...
[KNNRamanSelector] Loading cache from outputs/raman_knn_cache.npz ...
[KNNRamanSelector] Cache loaded: 112,935 rows.

Building MPC controller ...

  Simulating batch 1 recipe baseline (fault=0) ...
Running IndPenSim (Python)...
Démarrage simulation IndPenSim (N=1150 pas)...
Simulation terminée.
Penicillin harvested during the batch -1186 Kg
Final Penicillin yield at harvest 2613 Kg
Total penicillin 3799 Kg
  Simulating batch 1 with MPC control ...
Démarrage simulation IndPenSim (N=1150 pas)...
Simulation terminée.
  MPC simulation done in 392.5s
  Batch 1: Bio RMSE=4.7444  Pen RMSE=3.6586

  Simulating batch 2 recipe baseline (fault=1) ...
Running IndPenSim (Python)...
Démarrage simulation IndPenSim (N=1150 pas)...
Simulation terminée.
Penicillin harvested during the batch -557 Kg
Final Penicillin yield at harvest 841 Kg
Total penicillin 1398 Kg
  Simulating batch 2 with MPC control ...
Démarrage simulation IndPenSim (N=1150 pas)...
Simulation terminée.
  MPC simulation done in 380.4s
  Batch 2: Bio RMSE=4.8138  Pen RMSE=7.7577

  Simulating batch 3 recipe baseline (fault=3) ...
Running IndPenSim (Python)...
Démarrage simulation IndPenSim (N=1150 pas)...
Simulation terminée.
Penicillin harvested during the batch -837 Kg
Final Penicillin yield at harvest 1047 Kg
Total penicillin 1884 Kg
  Simulating batch 3 with MPC control ...
Démarrage simulation IndPenSim (N=1150 pas)...
Simulation terminée.
  MPC simulation done in 392.3s
  Batch 3: Bio RMSE=4.5917  Pen RMSE=17.4275

──────────────────────────────────────────────────────────────────────────────────────────
Batch  Fault    Bio RMSE    Bio MAE    Pen RMSE    Pen MAE    [Recipe] Bio    [Recipe] Pen
──────────────────────────────────────────────────────────────────────────────────────────
    1      0      4.7444     4.4582      3.6586     2.3435          1.3428          1.1980
    2      1      4.8138     4.5442      7.7577     6.4935          2.2068          4.8899
    3      3      4.5917     4.1797     17.4275    13.9095          1.2092          1.3596
──────────────────────────────────────────────────────────────────────────────────────────
 MEAN      ─      4.7166          ─      9.6146          ─          1.5863          2.4825

MPC vs Recipe penicillin yield comparison:
  Batch    Pen RMSE (MPC)   Pen RMSE (recipe)      Gain
      1            3.6586              1.1980   -205.4%
      2            7.7577              4.8899    -58.6%
      3           17.4275              1.3596  -1181.8%

  Plot saved → outputs/mpc_sweep/h10/pi_lstm_raman/batch_001_pi_lstm_raman_fault0.png
  Plot saved → outputs/mpc_sweep/h10/pi_lstm_raman/batch_002_pi_lstm_raman_fault1.png
  Plot saved → outputs/mpc_sweep/h10/pi_lstm_raman/batch_003_pi_lstm_raman_fault3.png
Done.
