/home/gabriel/workspace/PI_LSTM/venv/lib/python3.10/site-packages/torch/cuda/__init__.py:611: UserWarning: Can't initialize NVML
  warnings.warn("Can't initialize NVML")

IndPenSim Simulator
  model      : pi_lstm
  checkpoint : checkpoints/pi_lstm.pt
  n_batches  : 3
  faults     : [0, 1, 3]
  mpc        : True
  knn_raman  : False
  device     : cuda
  seed       : 42
  Loading checkpoint: checkpoints/pi_lstm.pt
  Algorithm: pi_lstm  |  device: cuda

Building MPC controller ...

  Simulating batch 1 recipe baseline (fault=0) ...
Running IndPenSim (Python)...
Démarrage simulation IndPenSim (N=1150 pas)...
Simulation terminée.
Penicillin harvested during the batch -1186 Kg
Final Penicillin yield at harvest 2613 Kg
Total penicillin 3799 Kg
  Simulating batch 1 with MPC control ...
Démarrage simulation IndPenSim (N=1150 pas)...
Simulation terminée.
  MPC simulation done in 316.3s
  Batch 1: Bio RMSE=2.5707  Pen RMSE=1.7254

  Simulating batch 2 recipe baseline (fault=1) ...
Running IndPenSim (Python)...
Démarrage simulation IndPenSim (N=1150 pas)...
Simulation terminée.
Penicillin harvested during the batch -703 Kg
Final Penicillin yield at harvest 883 Kg
Total penicillin 1586 Kg
  Simulating batch 2 with MPC control ...
Démarrage simulation IndPenSim (N=1150 pas)...
Simulation terminée.
  MPC simulation done in 314.3s
  Batch 2: Bio RMSE=2.8415  Pen RMSE=1.5125

  Simulating batch 3 recipe baseline (fault=3) ...
Running IndPenSim (Python)...
Démarrage simulation IndPenSim (N=1150 pas)...
Simulation terminée.
Penicillin harvested during the batch -899 Kg
Final Penicillin yield at harvest 1154 Kg
Total penicillin 2054 Kg
  Simulating batch 3 with MPC control ...
Démarrage simulation IndPenSim (N=1150 pas)...
Simulation terminée.
  MPC simulation done in 317.0s
  Batch 3: Bio RMSE=2.4717  Pen RMSE=2.5542

──────────────────────────────────────────────────────────────────────────────────────────
Batch  Fault    Bio RMSE    Bio MAE    Pen RMSE    Pen MAE    [Recipe] Bio    [Recipe] Pen
──────────────────────────────────────────────────────────────────────────────────────────
    1      0      2.5707     2.3387      1.7254     1.4813          1.1676          0.6947
    2      1      2.8415     2.5751      1.5125     1.2849          2.9467          3.0086
    3      3      2.4717     2.2314      2.5542     2.2945          1.1504          1.6154
──────────────────────────────────────────────────────────────────────────────────────────
 MEAN      ─      2.6280          ─      1.9307          ─          1.7549          1.7729

MPC vs Recipe penicillin yield comparison:
  Batch    Pen RMSE (MPC)   Pen RMSE (recipe)      Gain
      1            1.7254              0.6947   -148.4%
      2            1.5125              3.0086  +   49.7%
      3            2.5542              1.6154    -58.1%

  Plot saved → outputs/mpc_sweep/h10/pi_lstm/batch_001_pi_lstm_fault0.png
  Plot saved → outputs/mpc_sweep/h10/pi_lstm/batch_002_pi_lstm_fault1.png
  Plot saved → outputs/mpc_sweep/h10/pi_lstm/batch_003_pi_lstm_fault3.png
Done.
