INFO:model:Building CDAE with input_length=2200, latent_dim=64
INFO:model:Encoder progression: 2200 -> 1100 -> 550
INFO:model:Flatten size: 35200
INFO:model:Building CDAE with input_length=2200, latent_dim=64
INFO:model:Encoder progression: 2200 -> 1100 -> 550
INFO:model:Flatten size: 35200

Device: cpu

────────────────────────────────────────────────────────────
  Model : pi_lstm
  Ckpt  : ./checkpoints/pi_lstm.pt
  Reading ./100_Batches_IndPenSim_V3.csv ...
  Raw shape: 113,935 rows × 26 columns
  Detected 100 batches
  Fault-free: 90  |  Faulty: 10
  Val (fault-free):
  Val                   [Biomass   ]  RMSE=0.317 g/L  MAE=0.244 g/L  R²=0.9971  (n=348)
  Val                   [Penicillin]  RMSE=1.558 g/L  MAE=1.126 g/L  R²=0.9765  (n=348)
  Test (faulty):
  Test                  [Biomass   ]  RMSE=1.233 g/L  MAE=0.535 g/L  R²=0.9507  (n=198)
  Test                  [Penicillin]  RMSE=1.629 g/L  MAE=1.207 g/L  R²=0.9641  (n=198)

────────────────────────────────────────────────────────────
  Model : pi_lstm_raman
  Ckpt  : ./checkpoints/pi_lstm_raman.pt
  Loading CDAE RamanEncoder from ./AutoEncoder/outputs/models/best_model.pth ...
  Reading ./100_Batches_IndPenSim_V3.csv ...
  Raw shape: 113,935 rows × 2239 columns
  Encoding Raman spectra ...
  Raman: encoding 112,935 / 113,935 rows ...
  Detected 100 batches
  Fault-free: 90  |  Faulty: 10
  Val (fault-free):
  Val                   [Biomass   ]  RMSE=0.100 g/L  MAE=0.075 g/L  R²=0.9997  (n=348)
  Val                   [Penicillin]  RMSE=0.321 g/L  MAE=0.221 g/L  R²=0.9990  (n=348)
  Test (faulty):
  Test                  [Biomass   ]  RMSE=0.986 g/L  MAE=0.316 g/L  R²=0.9685  (n=198)
  Test                  [Penicillin]  RMSE=0.698 g/L  MAE=0.351 g/L  R²=0.9934  (n=198)

────────────────────────────────────────────────────────────
  Model : pi_lstm_v4
  Ckpt  : ./checkpoints/pi_lstm_v4.pt
  Loading FusionModelV4Encoder from ./REAKT+/REAKT+/MODELES/reakt_fusion_v4_best.pth ...
  Reading ./100_Batches_IndPenSim_V3.csv ...
  Raw shape: 113,935 rows × 2239 columns
  Encoding Raman spectra ...
  Raman (V4): encoding 112,935 / 113,935 rows ...
  Detected 100 batches
  Fault-free: 90  |  Faulty: 10
  Val (fault-free):
  Val                   [Biomass   ]  RMSE=0.109 g/L  MAE=0.075 g/L  R²=0.9997  (n=348)
  Val                   [Penicillin]  RMSE=0.106 g/L  MAE=0.072 g/L  R²=0.9999  (n=348)
  Test (faulty):
  Test                  [Biomass   ]  RMSE=0.989 g/L  MAE=0.339 g/L  R²=0.9683  (n=198)
  Test                  [Penicillin]  RMSE=0.391 g/L  MAE=0.161 g/L  R²=0.9979  (n=198)

────────────────────────────────────────────────────────────
  Model : pi_lstm_v5
  Ckpt  : ./checkpoints/pi_lstm_v5.pt
  Loading CoAtNetV5Encoder from ./REAKT+/REAKT+/MODELES/reakt_coatnet_v5_best.pth ...
  Reading ./100_Batches_IndPenSim_V3.csv ...
  Raw shape: 113,935 rows × 2239 columns
  Encoding Raman spectra ...
  Raman (V5): encoding 112,935 / 113,935 rows ...
  Detected 100 batches
  Fault-free: 90  |  Faulty: 10
  Val (fault-free):
  Val                   [Biomass   ]  RMSE=0.095 g/L  MAE=0.074 g/L  R²=0.9997  (n=348)
  Val                   [Penicillin]  RMSE=0.132 g/L  MAE=0.088 g/L  R²=0.9998  (n=348)
  Test (faulty):
  Test                  [Biomass   ]  RMSE=0.848 g/L  MAE=0.265 g/L  R²=0.9767  (n=198)
  Test                  [Penicillin]  RMSE=0.764 g/L  MAE=0.357 g/L  R²=0.9921  (n=198)

────────────────────────────────────────────────────────────
  Model : neural_ode
  Ckpt  : ./checkpoints/neural_ode.pt
  Reading ./100_Batches_IndPenSim_V3.csv ...
  Raw shape: 113,935 rows × 26 columns
  Detected 100 batches
  Fault-free: 90  |  Faulty: 10
  Val (fault-free):
  Val                   [Biomass   ]  RMSE=0.223 g/L  MAE=0.171 g/L  R²=0.9990  (n=368)
  Val                   [Penicillin]  RMSE=2.218 g/L  MAE=1.509 g/L  R²=0.9574  (n=368)
  Test (faulty):
  Test                  [Biomass   ]  RMSE=1.551 g/L  MAE=0.539 g/L  R²=0.9443  (n=208)
  Test                  [Penicillin]  RMSE=3.211 g/L  MAE=2.350 g/L  R²=0.8642  (n=208)

────────────────────────────────────────────────────────────
  Model : neural_ode_raman
  Ckpt  : ./checkpoints/neural_ode_raman.pt
  Loading CDAE RamanEncoder from ./AutoEncoder/outputs/models/best_model.pth ...
  Reading ./100_Batches_IndPenSim_V3.csv ...
  Raw shape: 113,935 rows × 2239 columns
  Encoding Raman spectra ...
  Raman: encoding 112,935 / 113,935 rows ...
  Detected 100 batches
  Fault-free: 90  |  Faulty: 10
  Val (fault-free):
  Val                   [Biomass   ]  RMSE=0.254 g/L  MAE=0.203 g/L  R²=0.9987  (n=368)
  Val                   [Penicillin]  RMSE=1.003 g/L  MAE=0.774 g/L  R²=0.9913  (n=368)
  Test (faulty):
  Test                  [Biomass   ]  RMSE=1.096 g/L  MAE=0.571 g/L  R²=0.9722  (n=208)
  Test                  [Penicillin]  RMSE=1.980 g/L  MAE=1.427 g/L  R²=0.9484  (n=208)

────────────────────────────────────────────────────────────
  Model : neural_ode_v4
  Ckpt  : ./checkpoints/neural_ode_v4.pt
  Loading FusionModelV4Encoder from ./REAKT+/REAKT+/MODELES/reakt_fusion_v4_best.pth ...
  Reading ./100_Batches_IndPenSim_V3.csv ...
  Raw shape: 113,935 rows × 2239 columns
  Encoding Raman spectra ...
  Raman (V4): encoding 112,935 / 113,935 rows ...
  Detected 100 batches
  Fault-free: 90  |  Faulty: 10
  Val (fault-free):
  Val                   [Biomass   ]  RMSE=0.194 g/L  MAE=0.149 g/L  R²=0.9992  (n=368)
  Val                   [Penicillin]  RMSE=0.123 g/L  MAE=0.097 g/L  R²=0.9999  (n=368)
  Test (faulty):
  Test                  [Biomass   ]  RMSE=2.024 g/L  MAE=0.562 g/L  R²=0.9051  (n=208)
  Test                  [Penicillin]  RMSE=0.316 g/L  MAE=0.164 g/L  R²=0.9987  (n=208)

────────────────────────────────────────────────────────────
  Model : neural_ode_v5
  Ckpt  : ./checkpoints/neural_ode_v5.pt
  Loading CoAtNetV5Encoder from ./REAKT+/REAKT+/MODELES/reakt_coatnet_v5_best.pth ...
  Reading ./100_Batches_IndPenSim_V3.csv ...
  Raw shape: 113,935 rows × 2239 columns
  Encoding Raman spectra ...
  Raman (V5): encoding 112,935 / 113,935 rows ...
  Detected 100 batches
  Fault-free: 90  |  Faulty: 10
  Val (fault-free):
  Val                   [Biomass   ]  RMSE=0.147 g/L  MAE=0.106 g/L  R²=0.9996  (n=368)
  Val                   [Penicillin]  RMSE=0.134 g/L  MAE=0.107 g/L  R²=0.9998  (n=368)
  Test (faulty):
  Test                  [Biomass   ]  RMSE=1.560 g/L  MAE=0.365 g/L  R²=0.9436  (n=208)
  Test                  [Penicillin]  RMSE=0.510 g/L  MAE=0.247 g/L  R²=0.9966  (n=208)

===========================================================================
  Model                   Biomass RMSE    Bio R²    Pen RMSE    Pen R²   Split
───────────────────────────────────────────────────────────────────────────
  pi_lstm                        0.317    0.9971       1.558    0.9765     val
  pi_lstm                        1.233    0.9507       1.629    0.9641    test
  pi_lstm_raman                  0.100    0.9997       0.321    0.9990     val
  pi_lstm_raman                  0.986    0.9685       0.698    0.9934    test
  pi_lstm_v4                     0.109    0.9997       0.106    0.9999     val
  pi_lstm_v4                     0.989    0.9683       0.391    0.9979    test
  pi_lstm_v5                     0.095    0.9997       0.132    0.9998     val
  pi_lstm_v5                     0.848    0.9767       0.764    0.9921    test
  neural_ode                     0.223    0.9990       2.218    0.9574     val
  neural_ode                     1.551    0.9443       3.211    0.8642    test
  neural_ode_raman               0.254    0.9987       1.003    0.9913     val
  neural_ode_raman               1.096    0.9722       1.980    0.9484    test
  neural_ode_v4                  0.194    0.9992       0.123    0.9999     val
  neural_ode_v4                  2.024    0.9051       0.316    0.9987    test
  neural_ode_v5                  0.147    0.9996       0.134    0.9998     val
  neural_ode_v5                  1.560    0.9436       0.510    0.9966    test
===========================================================================

