INFO:model:Building CDAE with input_length=2200, latent_dim=64
INFO:model:Encoder progression: 2200 -> 1100 -> 550
INFO:model:Flatten size: 35200

Device: cpu

[1] Loading data ...
  Reading ./100_Batches_IndPenSim_V3.csv ...
  Shape: 113,935 rows × 2239 columns
  Interpolating biomass & viscosity within each batch ...
  Valid Raman rows: 112,935 / 113,935
  Subsampled to 8,000 rows (seed=42)
  Biomass  — non-NaN: 644 / 8,000
  Viscosity — non-NaN: 644 / 8,000
  Faulty rows: 80 / 8,000

[CDAE]  CDAE  (64-D)
  Loading encoder ...
  Encoding 8,000 rows ...
  Raman: encoding 8,000 / 8,000 rows ...
  Latents shape: (8000, 64)
    Projecting 8,000 × 64 → 2D  [UMAP] ...
    Saved → outputs/latent_space/cdae_latent_umap.png

[V4]  FusionModel V4  (512-D)
  Loading encoder ...
  Encoding 8,000 rows ...
  Raman (V4): encoding 8,000 / 8,000 rows ...
  Latents shape: (8000, 512)
    Projecting 8,000 × 512 → 2D  [UMAP] ...
    Saved → outputs/latent_space/v4_latent_umap.png

[V5]  CoAtNet V5  (32-D)
  Loading encoder ...
  Encoding 8,000 rows ...
  Raman (V5): encoding 8,000 / 8,000 rows ...
  Latents shape: (8000, 32)
    Projecting 8,000 × 32 → 2D  [UMAP] ...
    Saved → outputs/latent_space/v5_latent_umap.png

Done. All figures saved to outputs/latent_space
